<?xml version="1.0" encoding="UTF-8"?>
<!-- Generated by org.testng.reporters.JUnitReportReporter -->
<testsuite hostname="PWSLTP099" failures="0" tests="1" name="com.nephroPlus.testCases.TC_ScheduleRunTest_03" time="0.007" errors="0" timestamp="2023-07-21T16:18:48 IST" skipped="0">
  <testcase classname="com.nephroPlus.testCases.TC_ScheduleRunTest_03" name="scheduleRun" time="0.007"/>
</testsuite> <!-- com.nephroPlus.testCases.TC_ScheduleRunTest_03 -->
