<?xml version="1.0" encoding="UTF-8"?>
<!-- Generated by org.testng.reporters.JUnitReportReporter -->
<testsuite hostname="PWSLTP099" failures="0" tests="1" name="com.nephroPlus.testCases.TC_BulkDeleteTest_02" time="4.314" errors="0" timestamp="2023-07-26T12:33:29 IST" skipped="0">
  <testcase classname="com.nephroPlus.testCases.TC_BulkDeleteTest_02" name="bulkDelete" time="4.314"/>
</testsuite> <!-- com.nephroPlus.testCases.TC_BulkDeleteTest_02 -->
