<?xml version="1.0" encoding="UTF-8"?>
<!-- Generated by org.testng.reporters.JUnitReportReporter -->
<testsuite hostname="PWSLTP099" failures="0" tests="1" name="com.nephroPlus.testCases.TC_LoginTest_01" time="6.801" errors="0" timestamp="2023-07-26T12:33:29 IST" skipped="0">
  <testcase classname="com.nephroPlus.testCases.TC_LoginTest_01" name="loginTest" time="6.801"/>
</testsuite> <!-- com.nephroPlus.testCases.TC_LoginTest_01 -->
